Wed, 18 Oct 2023 12:45:10 GMT: successfully added agent id 0x5bb675492f3accba1d35e7f59f584b6fae11df919f13223f3056a69dc5686b4b with manifest QmQod7MPStPupGtfHbm8f99K5TEJZ5QH9DnxQH7MwhCyR1
Wed, 18 Oct 2023 20:47:00 GMT: successfully updated agent id 0x5bb675492f3accba1d35e7f59f584b6fae11df919f13223f3056a69dc5686b4b with manifest Qmd1chaUSvAX3vLi7kqkAv7w6vD17JyQp5A1PFnTr14kaf
Thu, 19 Oct 2023 12:26:25 GMT: successfully updated agent id 0x5bb675492f3accba1d35e7f59f584b6fae11df919f13223f3056a69dc5686b4b with manifest Qmdk6SBL1wCTK5LUeowWm5w6en49fV1LaZXnChGSBi46d9
Thu, 19 Oct 2023 14:14:34 GMT: successfully updated agent id 0x5bb675492f3accba1d35e7f59f584b6fae11df919f13223f3056a69dc5686b4b with manifest QmV9N8fbAMa3aqPZ7RmLpyUAb47wBwJQmrskanay94vy6w
Thu, 19 Oct 2023 14:51:07 GMT: successfully updated agent id 0x5bb675492f3accba1d35e7f59f584b6fae11df919f13223f3056a69dc5686b4b with manifest QmWhZGYCsdNqggq6qqUb3EUXxmD3arqo5iboi4zewSKicd
Thu, 19 Oct 2023 15:26:37 GMT: successfully updated agent id 0x5bb675492f3accba1d35e7f59f584b6fae11df919f13223f3056a69dc5686b4b with manifest Qma1HFPPpDcJdGGgzbQSLCWcuxvyNjDv5z9Jny14v8Fr1K
Thu, 19 Oct 2023 16:31:40 GMT: successfully updated agent id 0x5bb675492f3accba1d35e7f59f584b6fae11df919f13223f3056a69dc5686b4b with manifest QmYi5CRE5Uap9XZBf5EApnYFr8yrcxZ3jzHoUqL6GCKSiP
Thu, 19 Oct 2023 17:38:34 GMT: successfully updated agent id 0x5bb675492f3accba1d35e7f59f584b6fae11df919f13223f3056a69dc5686b4b with manifest Qmf2VnAtkCTS5VBx7MGCxsmx5FdLJdhW9WKyySjNgb4dSL
Thu, 19 Oct 2023 18:53:53 GMT: successfully updated agent id 0x5bb675492f3accba1d35e7f59f584b6fae11df919f13223f3056a69dc5686b4b with manifest QmNPjvhfNvBxDAFYDYJPauP1euLHs2MGa1jkt2p2yDHJoi
Fri, 20 Oct 2023 12:36:57 GMT: successfully updated agent id 0x5bb675492f3accba1d35e7f59f584b6fae11df919f13223f3056a69dc5686b4b with manifest QmW6G14yPgun78mpxPcK66TLZkSnARDJg1NKFgLPb3qBuj
Tue, 24 Oct 2023 12:49:46 GMT: successfully updated agent id 0x5bb675492f3accba1d35e7f59f584b6fae11df919f13223f3056a69dc5686b4b with manifest QmXar1Hx2ejMe2TVCDqV85x9sJUoXA885s8wTf2cErG5fM
Tue, 24 Oct 2023 18:09:40 GMT: successfully updated agent id 0x5bb675492f3accba1d35e7f59f584b6fae11df919f13223f3056a69dc5686b4b with manifest QmQG9cqbPRJBnWLoPFqyyirX59hx5J7x6uGb7Qw2tmA8ov
Wed, 25 Oct 2023 12:14:26 GMT: successfully updated agent id 0x5bb675492f3accba1d35e7f59f584b6fae11df919f13223f3056a69dc5686b4b with manifest QmbZJNkSKSKmqLtbBnUFHFDJ89EmmqFjqxJY1BW1o6BF7x
Fri, 27 Oct 2023 13:01:33 GMT: successfully updated agent id 0x5bb675492f3accba1d35e7f59f584b6fae11df919f13223f3056a69dc5686b4b with manifest QmcJjsUqmC845c7vTuzbjrzWjaWpZrS8H3g69raBoshDhZ
Sun, 29 Oct 2023 21:10:56 GMT: successfully updated agent id 0x5bb675492f3accba1d35e7f59f584b6fae11df919f13223f3056a69dc5686b4b with manifest QmWE5krPupTPfeeGVA96b4eMgk5CDtAAmuzo82xn2ouZtU
Mon, 30 Oct 2023 16:27:25 GMT: successfully updated agent id 0x5bb675492f3accba1d35e7f59f584b6fae11df919f13223f3056a69dc5686b4b with manifest QmXoNMNFboCDCL1EAz2iBDWohChBqc253gZ9tmYRfyFCb6
Tue, 31 Oct 2023 12:27:03 GMT: successfully updated agent id 0x5bb675492f3accba1d35e7f59f584b6fae11df919f13223f3056a69dc5686b4b with manifest QmQEpuG9YePH8apdrp4XDTunyoFEg9oMABnaB4BdUrnxpJ
Wed, 01 Nov 2023 19:11:27 GMT: successfully updated agent id 0x5bb675492f3accba1d35e7f59f584b6fae11df919f13223f3056a69dc5686b4b with manifest QmYxXoGw8mipnW1DtqVQnDomzuYkHjJhjBRL5iKJAeojf6
Fri, 03 Nov 2023 14:42:12 GMT: successfully updated agent id 0x5bb675492f3accba1d35e7f59f584b6fae11df919f13223f3056a69dc5686b4b with manifest QmYvWE2yVaBx5T2mn4kwmkNsEwBLpZ9qDRSbHYcbJGq77J
Fri, 03 Nov 2023 14:52:37 GMT: successfully updated agent id 0x5bb675492f3accba1d35e7f59f584b6fae11df919f13223f3056a69dc5686b4b with manifest QmRC9CgazHT1otmQtgrnneoBPF4RGycLRN1c16zVRB4P99
Fri, 03 Nov 2023 17:06:32 GMT: successfully updated agent id 0x5bb675492f3accba1d35e7f59f584b6fae11df919f13223f3056a69dc5686b4b with manifest QmYnNEcYamWnBvbdgoB4uHmDxmHNqYBxN576YcJ8W1KSno
Fri, 03 Nov 2023 18:00:17 GMT: successfully updated agent id 0x5bb675492f3accba1d35e7f59f584b6fae11df919f13223f3056a69dc5686b4b with manifest QmSVUiiwq5wRucgHMdoy7zeak32NNpNLr6U9sND4ti5tb4
Mon, 06 Nov 2023 16:16:25 GMT: successfully updated agent id 0x5bb675492f3accba1d35e7f59f584b6fae11df919f13223f3056a69dc5686b4b with manifest QmTFrjZQN7K18cQbivTt7gE5SfkEhQHLdpHfmgR2hZGwtm
Mon, 06 Nov 2023 16:55:29 GMT: successfully updated agent id 0x5bb675492f3accba1d35e7f59f584b6fae11df919f13223f3056a69dc5686b4b with manifest QmTUYCRqJEoq1mCscGyEJyQNoL8sxjBF52X7tHKvLgL5kX
Mon, 06 Nov 2023 20:07:39 GMT: successfully added agent id 0xbdf836f1368100064a2a88502e866aea45cd8d671f70de26768c187a7d10dd6f with manifest QmctLRsGCuBFnXUtWd7Wbi1VFNZgKs1TQoSeQDoTHmNtw8
Mon, 06 Nov 2023 20:15:42 GMT: successfully updated agent id 0x5bb675492f3accba1d35e7f59f584b6fae11df919f13223f3056a69dc5686b4b with manifest QmR78bEcFzkf8vkptRqFA6VVnhwDJmJKkKFpJMNHYkAYKE
Sun, 12 Nov 2023 23:19:20 GMT: successfully updated agent id 0x5bb675492f3accba1d35e7f59f584b6fae11df919f13223f3056a69dc5686b4b with manifest QmaJKmk1SoF29cS8aPfQLTtHA36L4MrCWYtidV6CCjXcFT
Mon, 11 Dec 2023 12:33:15 GMT: successfully updated agent id 0xbdf836f1368100064a2a88502e866aea45cd8d671f70de26768c187a7d10dd6f with manifest QmQjo96LznqgutgkJNhBTtkAYFUoBCofhWLP6nqssZXN4Y
Mon, 11 Dec 2023 12:45:08 GMT: successfully updated agent id 0xbdf836f1368100064a2a88502e866aea45cd8d671f70de26768c187a7d10dd6f with manifest QmcFEwkTDRvDugtrvxSczvH4f9SuusbXqDUJjJc1CTqiaN
Mon, 11 Dec 2023 18:21:56 GMT: successfully updated agent id 0x5bb675492f3accba1d35e7f59f584b6fae11df919f13223f3056a69dc5686b4b with manifest QmWJWXHX3SZq5kD4Uz4792unwVJViizh5bioRtaGy4uYGG
Fri, 15 Dec 2023 14:34:14 GMT: successfully updated agent id 0x5bb675492f3accba1d35e7f59f584b6fae11df919f13223f3056a69dc5686b4b with manifest QmPgFKPNy92LTzC8nExk6BHCMDRW5t349KcLKDfyi5RghL
